# JRE version: Java(TM) SE Runtime Environment (8.0_341-b10) (build 1.8.0_341-b10)
# Java VM: Java HotSpot(TM) 64-Bit Server VM (25.341-b10 mixed mode windows-amd64 compressed oops)
Heap:
 PSYoungGen      total 11776K, used 5524K [0x0000000781580000, 0x0000000782780000, 0x00000007c0000000)
  eden space 8704K, 28% used [0x0000000781580000,0x00000007817ec8c0,0x0000000781e00000)
  from space 3072K, 99% used [0x0000000782480000,0x0000000782778768,0x0000000782780000)
  to   space 4608K, 0% used [0x0000000781e80000,0x0000000781e80000,0x0000000782300000)
 ParOldGen       total 10240K, used 5552K [0x0000000704000000, 0x0000000704a00000, 0x0000000781580000)
  object space 10240K, 54% used [0x0000000704000000,0x000000070456c3b8,0x0000000704a00000)
 Metaspace       used 7505K, capacity 8308K, committed 8448K, reserved 1056768K
  class space    used 910K, capacity 944K, committed 1024K, reserved 1048576K
GC Heap History (10 events):
Event: 0.267 GC heap before
{Heap before GC invocations=3 (full 0):
 PSYoungGen      total 3584K, used 3526K [0x0000000781580000, 0x0000000781980000, 0x00000007c0000000)
  eden space 3072K, 99% used [0x0000000781580000,0x00000007818799a0,0x0000000781880000)
  from space 512K, 93% used [0x0000000781900000,0x0000000781978020,0x0000000781980000)
  to   space 512K, 0% used [0x0000000781880000,0x0000000781880000,0x0000000781900000)
 ParOldGen       total 5632K, used 116K [0x0000000704000000, 0x0000000704580000, 0x0000000781580000)
  object space 5632K, 2% used [0x0000000704000000,0x000000070401d020,0x0000000704580000)
 Metaspace       used 5170K, capacity 6356K, committed 6656K, reserved 1056768K
  class space    used 666K, capacity 720K, committed 768K, reserved 1048576K
Event: 0.268 GC heap after
Heap after GC invocations=3 (full 0):
 PSYoungGen      total 3584K, used 496K [0x0000000781580000, 0x0000000781c80000, 0x00000007c0000000)
  eden space 3072K, 0% used [0x0000000781580000,0x0000000781580000,0x0000000781880000)
  from space 512K, 96% used [0x0000000781880000,0x00000007818fc020,0x0000000781900000)
  to   space 512K, 0% used [0x0000000781c00000,0x0000000781c00000,0x0000000781c80000)
 ParOldGen       total 5632K, used 620K [0x0000000704000000, 0x0000000704580000, 0x0000000781580000)
  object space 5632K, 11% used [0x0000000704000000,0x000000070409b030,0x0000000704580000)
 Metaspace       used 5170K, capacity 6356K, committed 6656K, reserved 1056768K
  class space    used 666K, capacity 720K, committed 768K, reserved 1048576K
}
Event: 0.343 GC heap before
{Heap before GC invocations=4 (full 0):
 PSYoungGen      total 3584K, used 3568K [0x0000000781580000, 0x0000000781c80000, 0x00000007c0000000)
  eden space 3072K, 100% used [0x0000000781580000,0x0000000781880000,0x0000000781880000)
  from space 512K, 96% used [0x0000000781880000,0x00000007818fc020,0x0000000781900000)
  to   space 512K, 0% used [0x0000000781c00000,0x0000000781c00000,0x0000000781c80000)
 ParOldGen       total 5632K, used 620K [0x0000000704000000, 0x0000000704580000, 0x0000000781580000)
  object space 5632K, 11% used [0x0000000704000000,0x000000070409b030,0x0000000704580000)
 Metaspace       used 6227K, capacity 7380K, committed 7552K, reserved 1056768K
  class space    used 791K, capacity 848K, committed 896K, reserved 1048576K
Event: 0.344 GC heap after
Heap after GC invocations=4 (full 0):
 PSYoungGen      total 6656K, used 496K [0x0000000781580000, 0x0000000781c80000, 0x00000007c0000000)
  eden space 6144K, 0% used [0x0000000781580000,0x0000000781580000,0x0000000781b80000)
  from space 512K, 96% used [0x0000000781c00000,0x0000000781c7c020,0x0000000781c80000)
  to   space 512K, 0% used [0x0000000781b80000,0x0000000781b80000,0x0000000781c00000)
 ParOldGen       total 5632K, used 965K [0x0000000704000000, 0x0000000704580000, 0x0000000781580000)
  object space 5632K, 17% used [0x0000000704000000,0x00000007040f1718,0x0000000704580000)
 Metaspace       used 6227K, capacity 7380K, committed 7552K, reserved 1056768K
  class space    used 791K, capacity 848K, committed 896K, reserved 1048576K
}
Event: 0.482 GC heap before
{Heap before GC invocations=5 (full 0):
 PSYoungGen      total 6656K, used 6640K [0x0000000781580000, 0x0000000781c80000, 0x00000007c0000000)
  eden space 6144K, 100% used [0x0000000781580000,0x0000000781b80000,0x0000000781b80000)
  from space 512K, 96% used [0x0000000781c00000,0x0000000781c7c020,0x0000000781c80000)
  to   space 512K, 0% used [0x0000000781b80000,0x0000000781b80000,0x0000000781c00000)
 ParOldGen       total 5632K, used 965K [0x0000000704000000, 0x0000000704580000, 0x0000000781580000)
  object space 5632K, 17% used [0x0000000704000000,0x00000007040f1718,0x0000000704580000)
 Metaspace       used 7382K, capacity 8180K, committed 8448K, reserved 1056768K
  class space    used 903K, capacity 944K, committed 1024K, reserved 1048576K
Event: 0.485 GC heap after
Heap after GC invocations=5 (full 0):
 PSYoungGen      total 6656K, used 496K [0x0000000781580000, 0x0000000782780000, 0x00000007c0000000)
  eden space 6144K, 0% used [0x0000000781580000,0x0000000781580000,0x0000000781b80000)
  from space 512K, 96% used [0x0000000781b80000,0x0000000781bfc020,0x0000000781c00000)
  to   space 3072K, 0% used [0x0000000782480000,0x0000000782480000,0x0000000782780000)
 ParOldGen       total 5632K, used 4059K [0x0000000704000000, 0x0000000704580000, 0x0000000781580000)
  object space 5632K, 72% used [0x0000000704000000,0x00000007043f6f00,0x0000000704580000)
 Metaspace       used 7382K, capacity 8180K, committed 8448K, reserved 1056768K
  class space    used 903K, capacity 944K, committed 1024K, reserved 1048576K
}
Event: 0.485 GC heap before
{Heap before GC invocations=6 (full 1):
 PSYoungGen      total 6656K, used 496K [0x0000000781580000, 0x0000000782780000, 0x00000007c0000000)
  eden space 6144K, 0% used [0x0000000781580000,0x0000000781580000,0x0000000781b80000)
  from space 512K, 96% used [0x0000000781b80000,0x0000000781bfc020,0x0000000781c00000)
  to   space 3072K, 0% used [0x0000000782480000,0x0000000782480000,0x0000000782780000)
 ParOldGen       total 5632K, used 4059K [0x0000000704000000, 0x0000000704580000, 0x0000000781580000)
  object space 5632K, 72% used [0x0000000704000000,0x00000007043f6f00,0x0000000704580000)
 Metaspace       used 7382K, capacity 8180K, committed 8448K, reserved 1056768K
  class space    used 903K, capacity 944K, committed 1024K, reserved 1048576K
Event: 0.506 GC heap after
Heap after GC invocations=6 (full 1):
 PSYoungGen      total 6656K, used 0K [0x0000000781580000, 0x0000000782780000, 0x00000007c0000000)
  eden space 6144K, 0% used [0x0000000781580000,0x0000000781580000,0x0000000781b80000)
  from space 512K, 0% used [0x0000000781b80000,0x0000000781b80000,0x0000000781c00000)
  to   space 3072K, 0% used [0x0000000782480000,0x0000000782480000,0x0000000782780000)
 ParOldGen       total 10240K, used 4368K [0x0000000704000000, 0x0000000704a00000, 0x0000000781580000)
  object space 10240K, 42% used [0x0000000704000000,0x00000007044443b8,0x0000000704a00000)
 Metaspace       used 7382K, capacity 8180K, committed 8448K, reserved 1056768K
  class space    used 903K, capacity 944K, committed 1024K, reserved 1048576K
}
Event: 0.558 GC heap before
{Heap before GC invocations=7 (full 1):
 PSYoungGen      total 6656K, used 6144K [0x0000000781580000, 0x0000000782780000, 0x00000007c0000000)
  eden space 6144K, 100% used [0x0000000781580000,0x0000000781b80000,0x0000000781b80000)
  from space 512K, 0% used [0x0000000781b80000,0x0000000781b80000,0x0000000781c00000)
  to   space 3072K, 0% used [0x0000000782480000,0x0000000782480000,0x0000000782780000)
 ParOldGen       total 10240K, used 4368K [0x0000000704000000, 0x0000000704a00000, 0x0000000781580000)
  object space 10240K, 42% used [0x0000000704000000,0x00000007044443b8,0x0000000704a00000)
 Metaspace       used 7403K, capacity 8244K, committed 8448K, reserved 1056768K
  class space    used 904K, capacity 944K, committed 1024K, reserved 1048576K
Event: 0.562 GC heap after
Heap after GC invocations=7 (full 1):
 PSYoungGen      total 11776K, used 3041K [0x0000000781580000, 0x0000000782780000, 0x00000007c0000000)
  eden space 8704K, 0% used [0x0000000781580000,0x0000000781580000,0x0000000781e00000)
  from space 3072K, 99% used [0x0000000782480000,0x0000000782778768,0x0000000782780000)
  to   space 4608K, 0% used [0x0000000781e80000,0x0000000781e80000,0x0000000782300000)
 ParOldGen       total 10240K, used 5552K [0x0000000704000000, 0x0000000704a00000, 0x0000000781580000)
  object space 10240K, 54% used [0x0000000704000000,0x000000070456c3b8,0x0000000704a00000)
 Metaspace       used 7403K, capacity 8244K, committed 8448K, reserved 1056768K
  class space    used 904K, capacity 944K, committed 1024K, reserved 1048576K
}

